android-tablet-smarthome-interface/feedbackApp/app/build/generated/intermediates/annotation_processor_list/debug/manifest_merge_blame_file/debug/manifest-merger-blame-debug-report.txt
1<?xml version="1.0" encoding="utf-8"?>
2<manifest xmlns:android="http://schemas.android.com/apk/res/android"
3    package="com.alesp.feedbackapp"
4    android:versionCode="1"
5    android:versionName="1.0" >
6
7    <uses-sdk
8        android:minSdkVersion="24"
8-->src/main/AndroidManifest.xml
9        android:targetSdkVersion="27" />
9-->src/main/AndroidManifest.xml
10
11    <uses-permission android:name="android.permission.INTERNET" />
11-->src/main/AndroidManifest.xml:4:5-67
11-->src/main/AndroidManifest.xml:4:22-64
12    <uses-permission android:name="android.permission.ACCESS_NETWORK_STATE" />
12-->src/main/AndroidManifest.xml:5:5-79
12-->src/main/AndroidManifest.xml:5:22-76
13    <uses-permission android:name="android.permission.RECORD_AUDIO" />
13-->src/main/AndroidManifest.xml:6:5-71
13-->src/main/AndroidManifest.xml:6:22-68
14
15    <uses-feature
15-->[com.mbientlab:metawear:2.5.9] AndroidManifest.xml:34:5-36:35
16        android:name="android.hardware.bluetooth_le"
16-->[com.mbientlab:metawear:2.5.9] AndroidManifest.xml:35:9-53
17        android:required="true" />
17-->[com.mbientlab:metawear:2.5.9] AndroidManifest.xml:36:9-32
18
19    <uses-permission android:name="android.permission.BLUETOOTH" />
19-->[com.mbientlab:metawear:2.5.9] AndroidManifest.xml:38:5-68
19-->[com.mbientlab:metawear:2.5.9] AndroidManifest.xml:38:22-65
20    <uses-permission android:name="android.permission.BLUETOOTH_ADMIN" />
20-->[com.mbientlab.bletoolbox:scanner:0.2.0] AndroidManifest.xml:12:5-74
20-->[com.mbientlab.bletoolbox:scanner:0.2.0] AndroidManifest.xml:12:22-71
21    <uses-permission android:name="android.permission.ACCESS_COARSE_LOCATION" />
21-->[com.mbientlab.bletoolbox:scanner:0.2.0] AndroidManifest.xml:13:5-81
21-->[com.mbientlab.bletoolbox:scanner:0.2.0] AndroidManifest.xml:13:22-78
22
23    <application
23-->src/main/AndroidManifest.xml:9:5-50:19
24        android:allowBackup="true"
24-->src/main/AndroidManifest.xml:10:9-35
25        android:debuggable="true"
26        android:extractNativeLibs="false"
27        android:icon="@mipmap/ic_launcher"
27-->src/main/AndroidManifest.xml:11:9-43
28        android:label="@string/app_name"
28-->src/main/AndroidManifest.xml:12:9-41
29        android:supportsRtl="true"
29-->src/main/AndroidManifest.xml:13:9-35
30        android:testOnly="true"
31        android:theme="@style/AppTheme" >
31-->src/main/AndroidManifest.xml:14:9-40
32        <service android:name="com.alesp.feedbackapp.WakeUpService" />
32-->src/main/AndroidManifest.xml:16:9-49
32-->src/main/AndroidManifest.xml:16:18-47
33
34        <activity
34-->src/main/AndroidManifest.xml:18:5-26:16
35            android:name="com.alesp.feedbackapp.SplashActivity"
35-->src/main/AndroidManifest.xml:18:15-45
36            android:configChanges="orientation|keyboardHidden|keyboard|screenSize|locale"
36-->src/main/AndroidManifest.xml:19:9-86
37            android:screenOrientation="landscape" >
37-->src/main/AndroidManifest.xml:20:9-46
38            <intent-filter>
38-->src/main/AndroidManifest.xml:21:10-25:21
39                <action android:name="android.intent.action.MAIN" />
39-->src/main/AndroidManifest.xml:22:9-61
39-->src/main/AndroidManifest.xml:22:17-58
40
41                <category android:name="android.intent.category.LAUNCHER" />
41-->src/main/AndroidManifest.xml:24:9-69
41-->src/main/AndroidManifest.xml:24:19-66
42            </intent-filter>
43        </activity>
44        <activity
44-->src/main/AndroidManifest.xml:28:9-30:52
45            android:name="com.alesp.feedbackapp.SettingsActivity"
45-->src/main/AndroidManifest.xml:28:19-51
46            android:configChanges="orientation|keyboardHidden|keyboard|screenSize|locale"
46-->src/main/AndroidManifest.xml:29:13-90
47            android:screenOrientation="landscape" />
47-->src/main/AndroidManifest.xml:30:13-50
48        <activity
48-->src/main/AndroidManifest.xml:33:9-35:52
49            android:name="com.alesp.feedbackapp.QueryUser"
49-->src/main/AndroidManifest.xml:33:19-44
50            android:configChanges="orientation|keyboardHidden|keyboard|screenSize|locale"
50-->src/main/AndroidManifest.xml:34:13-90
51            android:screenOrientation="landscape" />
51-->src/main/AndroidManifest.xml:35:13-50
52        <activity
52-->src/main/AndroidManifest.xml:37:9-39:52
53            android:name="com.alesp.feedbackapp.QueryAnswer"
53-->src/main/AndroidManifest.xml:37:19-46
54            android:configChanges="orientation|keyboardHidden|keyboard|screenSize|locale"
54-->src/main/AndroidManifest.xml:38:13-90
55            android:screenOrientation="landscape" />
55-->src/main/AndroidManifest.xml:39:13-50
56        <activity
56-->src/main/AndroidManifest.xml:41:9-43:52
57            android:name="com.alesp.feedbackapp.QueryFeeling"
57-->src/main/AndroidManifest.xml:41:19-47
58            android:configChanges="orientation|keyboardHidden|keyboard|screenSize|locale"
58-->src/main/AndroidManifest.xml:42:13-90
59            android:screenOrientation="landscape" />
59-->src/main/AndroidManifest.xml:43:13-50
60        <activity
60-->src/main/AndroidManifest.xml:45:9-48:52
61            android:name="com.alesp.feedbackapp.HomeActivity"
61-->src/main/AndroidManifest.xml:45:19-47
62            android:configChanges="orientation|keyboardHidden|keyboard|screenSize|locale"
62-->src/main/AndroidManifest.xml:47:13-90
63            android:launchMode="singleTop"
63-->src/main/AndroidManifest.xml:46:13-43
64            android:screenOrientation="landscape" />
64-->src/main/AndroidManifest.xml:48:13-50
65    </application>
66
67</manifest>